[backblue.gif]
[fade.gif]
[index.html]
[www.cs.princeton.edu/_wayne/kleinberg-tardos/pearson/kleinberg-tardos.jpg]
[www.cs.princeton.edu/_wayne/kleinberg-tardos/pearson/01StableMatching.pdf]
[www.cs.princeton.edu/_wayne/kleinberg-tardos/pearson/02AlgorithmAnalysis.pdf]
[www.cs.princeton.edu/_wayne/kleinberg-tardos/pearson/03Graphs.pdf]
[www.cs.princeton.edu/_wayne/kleinberg-tardos/pearson/04GreedyAlgorithms.pdf]
[www.cs.princeton.edu/_wayne/kleinberg-tardos/pearson/04MinimumSpanningTrees.pdf]
[www.cs.princeton.edu/_wayne/kleinberg-tardos/pearson/05DivideAndConquer.pdf]
[www.cs.princeton.edu/_wayne/kleinberg-tardos/pearson/05Multiplication.pdf]
[www.cs.princeton.edu/_wayne/kleinberg-tardos/pearson/06DynamicProgramming.pdf]
[www.cs.princeton.edu/_wayne/kleinberg-tardos/pearson/06BellmanFord.pdf]
[www.cs.princeton.edu/_wayne/kleinberg-tardos/pearson/07MaximumFlow.pdf]
[www.cs.princeton.edu/_wayne/kleinberg-tardos/pearson/07AssignmentProblem.pdf]
[www.cs.princeton.edu/_wayne/kleinberg-tardos/pearson/08Intractability.pdf]
[www.cs.princeton.edu/_wayne/kleinberg-tardos/pearson/08PolynomialTimeReductions.pdf]
[www.cs.princeton.edu/_wayne/kleinberg-tardos/pearson/09PSPACE.pdf]
[www.cs.princeton.edu/_wayne/kleinberg-tardos/pearson/10ExtendingTractability.pdf]
[www.cs.princeton.edu/_wayne/kleinberg-tardos/pearson/11ApproximationAlgorithms.pdf]
[www.cs.princeton.edu/_wayne/kleinberg-tardos/pearson/12LocalSearch.pdf]
[www.cs.princeton.edu/_wayne/kleinberg-tardos/pearson/13RandomizedAlgorithms.pdf]
[www.cs.princeton.edu/_wayne/kleinberg-tardos/pearson/01StableMatching-2x2.pdf]
[www.cs.princeton.edu/_wayne/kleinberg-tardos/pearson/02AlgorithmAnalysis-2x2.pdf]
[www.cs.princeton.edu/_wayne/kleinberg-tardos/pearson/03Graphs-2x2.pdf]
[www.cs.princeton.edu/_wayne/kleinberg-tardos/pearson/04GreedyAlgorithms-2x2.pdf]
[www.cs.princeton.edu/_wayne/kleinberg-tardos/pearson/04MinimumSpanningTrees-2x2.pdf]
[www.cs.princeton.edu/_wayne/kleinberg-tardos/pearson/04Huffman.pdf]
[www.cs.princeton.edu/_wayne/kleinberg-tardos/pearson/04Huffman-2x2.pdf]
[www.cs.princeton.edu/_wayne/kleinberg-tardos/pearson/05DivideAndConquer-2x2.pdf]
[www.cs.princeton.edu/_wayne/kleinberg-tardos/pearson/05Multiplication-2x2.pdf]
[www.cs.princeton.edu/_wayne/kleinberg-tardos/pearson/06DynamicProgramming-2x2.pdf]
[www.cs.princeton.edu/_wayne/kleinberg-tardos/pearson/06BellmanFord-2x2.pdf]
[www.cs.princeton.edu/_wayne/kleinberg-tardos/pearson/07MaximumFlow-2x2.pdf]
[www.cs.princeton.edu/_wayne/kleinberg-tardos/pearson/07MaximumFlowApplications.pdf]
[www.cs.princeton.edu/_wayne/kleinberg-tardos/pearson/07MaximumFlowApplications-2x2.pdf]
[www.cs.princeton.edu/_wayne/kleinberg-tardos/pearson/07AssignmentProblem-2x2.pdf]
[www.cs.princeton.edu/_wayne/kleinberg-tardos/pearson/08Intractability-2x2.pdf]
[www.cs.princeton.edu/_wayne/kleinberg-tardos/pearson/08PolynomialTimeReductions-2x2.pdf]
[www.cs.princeton.edu/_wayne/kleinberg-tardos/pearson/08NPComplete.pdf]
[www.cs.princeton.edu/_wayne/kleinberg-tardos/pearson/08NPComplete-2x2.pdf]
[www.cs.princeton.edu/_wayne/kleinberg-tardos/pearson/09PSPACE-2x2.pdf]
[www.cs.princeton.edu/_wayne/kleinberg-tardos/pearson/10ExtendingTractability-2x2.pdf]
[www.cs.princeton.edu/_wayne/kleinberg-tardos/pearson/11ApproximationAlgorithms-2x2.pdf]
[www.cs.princeton.edu/_wayne/kleinberg-tardos/pearson/12LocalSearch-2x2.pdf]
[www.cs.princeton.edu/_wayne/kleinberg-tardos/pearson/13RandomizedAlgorithms-2x2.pdf]
[www.cs.princeton.edu/_wayne/kleinberg-tardos/pearson/index.html]
[www.cs.princeton.edu/_wayne/kleinberg-tardos/pearson/kleinberg-tardos.css]
[www.cs.princeton.edu/_wayne/kleinberg-tardos/pearson/04HuffmanCodes.html]
[www.cs.princeton.edu/_wayne/kleinberg-tardos/pearson/07MaximumFlowAppications.html]
[www.cs.princeton.edu/_wayne/kleinberg-tardos/pearson/08NPCompleteness.html]
